<?xml version="1.0" encoding="UTF-8"?>
<testsuite xmlns:xsi="http://www.w3.org/2001/XMLSchema-instance" xsi:noNamespaceSchemaLocation="https://maven.apache.org/surefire/maven-surefire-plugin/xsd/surefire-test-report.xsd" version="3.0.2" name="com.parkhere.reservation.controller.StreamLambdaHandlerTest" time="4.728" tests="2" errors="0" skipped="0" failures="0">
  <properties>
[...]
</properties>
  <testcase name="ping_streamRequest_respondsWithHello" classname="com.parkhere.reservation.controller.StreamLambdaHandlerTest" time="0.194">
    <system-out><![CDATA[14:26:50.750 [main] INFO com.amazonaws.serverless.proxy.internal.LambdaContainerHandler -- Starting Lambda Container Handler

  .   ____          _            __ _ _
 /\\ / ___'_ __ _ _(_)_ __  __ _ \ \ \ \
( ( )\___ | '_ | '_| | '_ \/ _` | \ \ \ \
 \\/  ___)| |_)| | | | | || (_| |  ) ) ) )
  '  |____| .__|_| |_|_| |_\__, | / / / /
 =========|_|==============|___/=/_/_/_/

 :: Spring Boot ::                (v3.4.1)

2025-02-01T14:26:51.700+01:00  INFO 44690 --- [           main] o.a.maven.surefire.booter.ForkedBooter   : Starting ForkedBooter v3.5.2 using Java 17.0.4.1 with PID 44690 (started by satyav in /Users/satyav/Documents/satya resume/parkhere/reservation)
2025-02-01T14:26:51.702+01:00  INFO 44690 --- [           main] o.a.maven.surefire.booter.ForkedBooter   : No active profile set, falling back to 1 default profile: "default"
2025-02-01T14:26:53.049+01:00  INFO 44690 --- [           main] c.a.s.p.i.servlet.AwsServletContext      : Initializing Spring embedded WebApplicationContext
2025-02-01T14:26:53.053+01:00  INFO 44690 --- [           main] w.s.c.ServletWebServerApplicationContext : Root WebApplicationContext: initialization completed in 1266 ms
2025-02-01T14:26:54.817+01:00  INFO 44690 --- [           main] o.a.maven.surefire.booter.ForkedBooter   : Started ForkedBooter in 3.733 seconds (process running for 5.463)
2025-02-01T14:26:54.824+01:00  INFO 44690 --- [           main] c.a.s.p.i.servlet.AwsServletContext      : Initializing Spring DispatcherServlet 'dispatcherServlet'
2025-02-01T14:26:54.825+01:00  INFO 44690 --- [           main] o.s.web.servlet.DispatcherServlet        : Initializing Servlet 'dispatcherServlet'
2025-02-01T14:26:54.826+01:00  INFO 44690 --- [           main] o.s.web.servlet.DispatcherServlet        : Completed initialization in 1 ms
2025-02-01T14:26:54.991+01:00  INFO 44690 --- [           main] c.a.s.p.internal.LambdaContainerHandler  : 127.0.0.1 null- null [01/02/2025:13:26:54+0100] "GET /ping HTTP/1.1" 200 24 "-" "-" combined
]]></system-out>
  </testcase>
  <testcase name="invalidResource_streamRequest_responds404" classname="com.parkhere.reservation.controller.StreamLambdaHandlerTest" time="0.019">
    <system-out><![CDATA[2025-02-01T14:26:55.035+01:00  WARN 44690 --- [           main] o.s.web.servlet.PageNotFound             : No mapping for GET /pong
2025-02-01T14:26:55.048+01:00  INFO 44690 --- [           main] c.a.s.p.internal.LambdaContainerHandler  : 127.0.0.1 null- null [01/02/2025:13:26:55+0100] "GET /pong HTTP/1.1" 500 75 "-" "-" combined
]]></system-out>
  </testcase>
</testsuite>